<?xml version="1.0" encoding="UTF-8"?>
<coverage generated="1768855589340" clover="3.2.0">
  <project timestamp="1768855589340" name="All files">
    <metrics statements="256" coveredstatements="129" conditionals="79" coveredconditionals="29" methods="21" coveredmethods="14" elements="356" coveredelements="172" complexity="0" loc="256" ncloc="256" packages="1" files="1" classes="1"/>
    <file name="index.js" path="/Users/mymac/u.i-truck/deploy/server/index.js">
      <metrics statements="256" coveredstatements="129" conditionals="79" coveredconditionals="29" methods="21" coveredmethods="14"/>
      <line num="1" count="1" type="stmt"/>
      <line num="2" count="1" type="stmt"/>
      <line num="3" count="1" type="stmt"/>
      <line num="4" count="1" type="stmt"/>
      <line num="5" count="1" type="stmt"/>
      <line num="6" count="1" type="stmt"/>
      <line num="7" count="1" type="stmt"/>
      <line num="9" count="1" type="stmt"/>
      <line num="10" count="1" type="cond" truecount="2" falsecount="0"/>
      <line num="13" count="1" type="stmt"/>
      <line num="18" count="1" type="stmt"/>
      <line num="19" count="1" type="stmt"/>
      <line num="20" count="1" type="stmt"/>
      <line num="23" count="1" type="stmt"/>
      <line num="25" count="0" type="stmt"/>
      <line num="26" count="0" type="cond" truecount="0" falsecount="2"/>
      <line num="27" count="0" type="stmt"/>
      <line num="29" count="0" type="stmt"/>
      <line num="32" count="0" type="stmt"/>
      <line num="33" count="0" type="stmt"/>
      <line num="37" count="1" type="stmt"/>
      <line num="41" count="0" type="stmt"/>
      <line num="42" count="0" type="stmt"/>
      <line num="43" count="0" type="stmt"/>
      <line num="44" count="0" type="cond" truecount="0" falsecount="4"/>
      <line num="45" count="0" type="stmt"/>
      <line num="47" count="0" type="stmt"/>
      <line num="53" count="1" type="stmt"/>
      <line num="54" count="1" type="stmt"/>
      <line num="55" count="1" type="stmt"/>
      <line num="56" count="1" type="stmt"/>
      <line num="57" count="2" type="stmt"/>
      <line num="59" count="1" type="stmt"/>
      <line num="61" count="0" type="stmt"/>
      <line num="62" count="0" type="stmt"/>
      <line num="67" count="1" type="stmt"/>
      <line num="68" count="0" type="stmt"/>
      <line num="69" count="0" type="cond" truecount="0" falsecount="2"/>
      <line num="70" count="0" type="stmt"/>
      <line num="73" count="0" type="stmt"/>
      <line num="74" count="0" type="stmt"/>
      <line num="80" count="0" type="stmt"/>
      <line num="81" count="0" type="stmt"/>
      <line num="86" count="1" type="stmt"/>
      <line num="87" count="0" type="stmt"/>
      <line num="88" count="0" type="stmt"/>
      <line num="90" count="0" type="cond" truecount="0" falsecount="2"/>
      <line num="91" count="0" type="stmt"/>
      <line num="94" count="0" type="stmt"/>
      <line num="96" count="0" type="stmt"/>
      <line num="97" count="0" type="stmt"/>
      <line num="98" count="0" type="stmt"/>
      <line num="100" count="0" type="cond" truecount="0" falsecount="4"/>
      <line num="101" count="0" type="stmt"/>
      <line num="102" count="0" type="stmt"/>
      <line num="103" count="0" type="stmt"/>
      <line num="104" count="0" type="stmt"/>
      <line num="107" count="0" type="cond" truecount="0" falsecount="2"/>
      <line num="108" count="0" type="stmt"/>
      <line num="112" count="0" type="cond" truecount="0" falsecount="2"/>
      <line num="113" count="0" type="stmt"/>
      <line num="114" count="0" type="stmt"/>
      <line num="115" count="0" type="stmt"/>
      <line num="119" count="0" type="stmt"/>
      <line num="120" count="0" type="stmt"/>
      <line num="121" count="0" type="cond" truecount="0" falsecount="2"/>
      <line num="123" count="0" type="stmt"/>
      <line num="125" count="0" type="cond" truecount="0" falsecount="4"/>
      <line num="126" count="0" type="stmt"/>
      <line num="127" count="0" type="cond" truecount="0" falsecount="2"/>
      <line num="128" count="0" type="cond" truecount="0" falsecount="2"/>
      <line num="130" count="0" type="stmt"/>
      <line num="133" count="0" type="cond" truecount="0" falsecount="2"/>
      <line num="134" count="0" type="stmt"/>
      <line num="135" count="0" type="stmt"/>
      <line num="137" count="0" type="stmt"/>
      <line num="138" count="0" type="cond" truecount="0" falsecount="2"/>
      <line num="139" count="0" type="stmt"/>
      <line num="143" count="0" type="cond" truecount="0" falsecount="2"/>
      <line num="144" count="0" type="stmt"/>
      <line num="145" count="0" type="stmt"/>
      <line num="147" count="0" type="stmt"/>
      <line num="159" count="0" type="stmt"/>
      <line num="164" count="0" type="stmt"/>
      <line num="165" count="0" type="cond" truecount="0" falsecount="2"/>
      <line num="166" count="0" type="cond" truecount="0" falsecount="2"/>
      <line num="168" count="0" type="stmt"/>
      <line num="169" count="0" type="stmt"/>
      <line num="170" count="0" type="stmt"/>
      <line num="171" count="0" type="stmt"/>
      <line num="173" count="0" type="stmt"/>
      <line num="174" count="0" type="stmt"/>
      <line num="175" count="0" type="stmt"/>
      <line num="176" count="0" type="stmt"/>
      <line num="177" count="0" type="stmt"/>
      <line num="185" count="0" type="stmt"/>
      <line num="191" count="0" type="stmt"/>
      <line num="196" count="0" type="stmt"/>
      <line num="197" count="0" type="cond" truecount="0" falsecount="2"/>
      <line num="198" count="0" type="stmt"/>
      <line num="200" count="0" type="stmt"/>
      <line num="202" count="0" type="stmt"/>
      <line num="203" count="0" type="stmt"/>
      <line num="204" count="0" type="stmt"/>
      <line num="205" count="0" type="stmt"/>
      <line num="208" count="0" type="stmt"/>
      <line num="209" count="0" type="stmt"/>
      <line num="214" count="1" type="stmt"/>
      <line num="215" count="1" type="stmt"/>
      <line num="223" count="1" type="stmt"/>
      <line num="224" count="4" type="stmt"/>
      <line num="225" count="4" type="cond" truecount="1" falsecount="0"/>
      <line num="227" count="4" type="stmt"/>
      <line num="228" count="4" type="stmt"/>
      <line num="229" count="4" type="stmt"/>
      <line num="231" count="4" type="cond" truecount="1" falsecount="1"/>
      <line num="232" count="0" type="stmt"/>
      <line num="233" count="0" type="stmt"/>
      <line num="236" count="4" type="cond" truecount="2" falsecount="0"/>
      <line num="237" count="1" type="stmt"/>
      <line num="240" count="4" type="cond" truecount="2" falsecount="0"/>
      <line num="241" count="1" type="stmt"/>
      <line num="242" count="1" type="stmt"/>
      <line num="243" count="1" type="stmt"/>
      <line num="246" count="4" type="cond" truecount="1" falsecount="1"/>
      <line num="247" count="0" type="stmt"/>
      <line num="248" count="0" type="stmt"/>
      <line num="251" count="4" type="stmt"/>
      <line num="252" count="4" type="stmt"/>
      <line num="253" count="4" type="stmt"/>
      <line num="255" count="4" type="stmt"/>
      <line num="256" count="3" type="stmt"/>
      <line num="258" count="1" type="stmt"/>
      <line num="259" count="1" type="stmt"/>
      <line num="264" count="1" type="stmt"/>
      <line num="265" count="2" type="stmt"/>
      <line num="266" count="2" type="stmt"/>
      <line num="267" count="2" type="stmt"/>
      <line num="268" count="2" type="cond" truecount="2" falsecount="0"/>
      <line num="269" count="1" type="stmt"/>
      <line num="271" count="1" type="stmt"/>
      <line num="273" count="0" type="stmt"/>
      <line num="274" count="0" type="stmt"/>
      <line num="279" count="1" type="stmt"/>
      <line num="280" count="2" type="stmt"/>
      <line num="281" count="2" type="stmt"/>
      <line num="283" count="2" type="stmt"/>
      <line num="284" count="2" type="stmt"/>
      <line num="285" count="2" type="stmt"/>
      <line num="287" count="2" type="cond" truecount="2" falsecount="0"/>
      <line num="288" count="1" type="stmt"/>
      <line num="291" count="2" type="cond" truecount="1" falsecount="1"/>
      <line num="292" count="0" type="stmt"/>
      <line num="293" count="0" type="stmt"/>
      <line num="296" count="2" type="stmt"/>
      <line num="298" count="2" type="stmt"/>
      <line num="299" count="2" type="stmt"/>
      <line num="301" count="0" type="stmt"/>
      <line num="302" count="0" type="stmt"/>
      <line num="307" count="1" type="stmt"/>
      <line num="308" count="0" type="stmt"/>
      <line num="309" count="0" type="stmt"/>
      <line num="310" count="0" type="stmt"/>
      <line num="311" count="0" type="cond" truecount="0" falsecount="2"/>
      <line num="312" count="0" type="stmt"/>
      <line num="314" count="0" type="stmt"/>
      <line num="316" count="0" type="stmt"/>
      <line num="317" count="0" type="stmt"/>
      <line num="322" count="1" type="stmt"/>
      <line num="323" count="1" type="stmt"/>
      <line num="324" count="1" type="stmt"/>
      <line num="325" count="1" type="stmt"/>
      <line num="327" count="0" type="stmt"/>
      <line num="328" count="0" type="stmt"/>
      <line num="333" count="1" type="stmt"/>
      <line num="334" count="1" type="stmt"/>
      <line num="335" count="1" type="stmt"/>
      <line num="338" count="1" type="stmt"/>
      <line num="340" count="0" type="stmt"/>
      <line num="341" count="0" type="stmt"/>
      <line num="346" count="1" type="stmt"/>
      <line num="347" count="2" type="stmt"/>
      <line num="348" count="2" type="stmt"/>
      <line num="349" count="2" type="stmt"/>
      <line num="353" count="2" type="cond" truecount="2" falsecount="0"/>
      <line num="354" count="1" type="stmt"/>
      <line num="356" count="1" type="stmt"/>
      <line num="358" count="0" type="stmt"/>
      <line num="359" count="0" type="stmt"/>
      <line num="364" count="1" type="stmt"/>
      <line num="365" count="1" type="stmt"/>
      <line num="366" count="1" type="cond" truecount="0" falsecount="2"/>
      <line num="367" count="1" type="stmt"/>
      <line num="369" count="1" type="stmt"/>
      <line num="370" count="1" type="stmt"/>
      <line num="372" count="1" type="stmt"/>
      <line num="377" count="1" type="stmt"/>
      <line num="384" count="0" type="stmt"/>
      <line num="385" count="0" type="stmt"/>
      <line num="390" count="1" type="stmt"/>
      <line num="391" count="0" type="stmt"/>
      <line num="392" count="0" type="stmt"/>
      <line num="393" count="0" type="stmt"/>
      <line num="400" count="0" type="stmt"/>
      <line num="402" count="0" type="stmt"/>
      <line num="403" count="0" type="stmt"/>
      <line num="408" count="1" type="stmt"/>
      <line num="409" count="2" type="stmt"/>
      <line num="410" count="2" type="stmt"/>
      <line num="411" count="2" type="stmt"/>
      <line num="416" count="2" type="cond" truecount="2" falsecount="0"/>
      <line num="417" count="1" type="stmt"/>
      <line num="420" count="1" type="stmt"/>
      <line num="422" count="0" type="stmt"/>
      <line num="423" count="0" type="stmt"/>
      <line num="428" count="1" type="stmt"/>
      <line num="429" count="1" type="stmt"/>
      <line num="430" count="1" type="stmt"/>
      <line num="431" count="1" type="stmt"/>
      <line num="436" count="1" type="cond" truecount="1" falsecount="1"/>
      <line num="437" count="0" type="stmt"/>
      <line num="440" count="1" type="stmt"/>
      <line num="442" count="0" type="stmt"/>
      <line num="443" count="0" type="stmt"/>
      <line num="448" count="1" type="stmt"/>
      <line num="449" count="2" type="stmt"/>
      <line num="450" count="2" type="stmt"/>
      <line num="451" count="2" type="stmt"/>
      <line num="453" count="2" type="stmt"/>
      <line num="454" count="2" type="stmt"/>
      <line num="455" count="2" type="stmt"/>
      <line num="456" count="2" type="stmt"/>
      <line num="458" count="2" type="cond" truecount="2" falsecount="0"/>
      <line num="459" count="1" type="stmt"/>
      <line num="460" count="1" type="stmt"/>
      <line num="462" count="2" type="cond" truecount="2" falsecount="0"/>
      <line num="463" count="1" type="stmt"/>
      <line num="464" count="1" type="stmt"/>
      <line num="466" count="2" type="cond" truecount="1" falsecount="1"/>
      <line num="467" count="0" type="stmt"/>
      <line num="468" count="0" type="stmt"/>
      <line num="470" count="2" type="cond" truecount="1" falsecount="1"/>
      <line num="471" count="0" type="stmt"/>
      <line num="472" count="0" type="stmt"/>
      <line num="475" count="2" type="cond" truecount="2" falsecount="0"/>
      <line num="476" count="1" type="stmt"/>
      <line num="479" count="1" type="stmt"/>
      <line num="480" count="1" type="stmt"/>
      <line num="481" count="1" type="stmt"/>
      <line num="483" count="1" type="stmt"/>
      <line num="484" count="1" type="stmt"/>
      <line num="486" count="0" type="stmt"/>
      <line num="487" count="0" type="stmt"/>
      <line num="492" count="1" type="stmt"/>
      <line num="493" count="1" type="stmt"/>
      <line num="496" count="1" type="stmt"/>
    </file>
  </project>
</coverage>
