{"/Users/mymac/u.i-truck/deploy/server/index.js": {"path":"/Users/mymac/u.i-truck/deploy/server/index.js","statementMap":{"0":{"start":{"line":1,"column":16},"end":{"line":1,"column":34}},"1":{"start":{"line":2,"column":13},"end":{"line":2,"column":28}},"2":{"start":{"line":3,"column":15},"end":{"line":3,"column":32}},"3":{"start":{"line":4,"column":14},"end":{"line":4,"column":30}},"4":{"start":{"line":5,"column":13},"end":{"line":5,"column":28}},"5":{"start":{"line":6,"column":11},"end":{"line":6,"column":24}},"6":{"start":{"line":7,"column":17},"end":{"line":7,"column":30}},"7":{"start":{"line":9,"column":12},"end":{"line":9,"column":21}},"8":{"start":{"line":10,"column":13},"end":{"line":10,"column":37}},"9":{"start":{"line":13,"column":13},"end":{"line":15,"column":2}},"10":{"start":{"line":18,"column":0},"end":{"line":18,"column":16}},"11":{"start":{"line":19,"column":0},"end":{"line":19,"column":24}},"12":{"start":{"line":20,"column":0},"end":{"line":20,"column":72}},"13":{"start":{"line":23,"column":16},"end":{"line":35,"column":2}},"14":{"start":{"line":25,"column":26},"end":{"line":25,"column":69}},"15":{"start":{"line":26,"column":8},"end":{"line":28,"column":9}},"16":{"start":{"line":27,"column":12},"end":{"line":27,"column":57}},"17":{"start":{"line":29,"column":8},"end":{"line":29,"column":28}},"18":{"start":{"line":32,"column":27},"end":{"line":32,"column":111}},"19":{"start":{"line":33,"column":8},"end":{"line":33,"column":29}},"20":{"start":{"line":37,"column":15},"end":{"line":49,"column":2}},"21":{"start":{"line":41,"column":29},"end":{"line":41,"column":52}},"22":{"start":{"line":42,"column":24},"end":{"line":42,"column":88}},"23":{"start":{"line":43,"column":25},"end":{"line":43,"column":57}},"24":{"start":{"line":44,"column":8},"end":{"line":46,"column":9}},"25":{"start":{"line":45,"column":12},"end":{"line":45,"column":34}},"26":{"start":{"line":47,"column":8},"end":{"line":47,"column":54}},"27":{"start":{"line":53,"column":4},"end":{"line":63,"column":5}},"28":{"start":{"line":54,"column":25},"end":{"line":54,"column":81}},"29":{"start":{"line":55,"column":25},"end":{"line":55,"column":27}},"30":{"start":{"line":56,"column":8},"end":{"line":58,"column":11}},"31":{"start":{"line":57,"column":12},"end":{"line":57,"column":42}},"32":{"start":{"line":59,"column":8},"end":{"line":59,"column":24}},"33":{"start":{"line":61,"column":8},"end":{"line":61,"column":57}},"34":{"start":{"line":62,"column":8},"end":{"line":62,"column":18}},"35":{"start":{"line":67,"column":0},"end":{"line":83,"column":3}},"36":{"start":{"line":68,"column":4},"end":{"line":82,"column":5}},"37":{"start":{"line":69,"column":8},"end":{"line":71,"column":9}},"38":{"start":{"line":70,"column":12},"end":{"line":70,"column":71}},"39":{"start":{"line":73,"column":24},"end":{"line":73,"column":64}},"40":{"start":{"line":74,"column":8},"end":{"line":78,"column":11}},"41":{"start":{"line":80,"column":8},"end":{"line":80,"column":46}},"42":{"start":{"line":81,"column":8},"end":{"line":81,"column":57}},"43":{"start":{"line":86,"column":0},"end":{"line":211,"column":3}},"44":{"start":{"line":87,"column":43},"end":{"line":87,"column":52}},"45":{"start":{"line":88,"column":27},"end":{"line":88,"column":47}},"46":{"start":{"line":90,"column":4},"end":{"line":92,"column":5}},"47":{"start":{"line":91,"column":8},"end":{"line":91,"column":62}},"48":{"start":{"line":94,"column":4},"end":{"line":210,"column":5}},"49":{"start":{"line":96,"column":25},"end":{"line":96,"column":49}},"50":{"start":{"line":97,"column":32},"end":{"line":97,"column":96}},"51":{"start":{"line":98,"column":29},"end":{"line":98,"column":82}},"52":{"start":{"line":100,"column":8},"end":{"line":105,"column":9}},"53":{"start":{"line":101,"column":12},"end":{"line":101,"column":56}},"54":{"start":{"line":102,"column":12},"end":{"line":102,"column":82}},"55":{"start":{"line":103,"column":12},"end":{"line":103,"column":87}},"56":{"start":{"line":104,"column":12},"end":{"line":104,"column":49}},"57":{"start":{"line":107,"column":8},"end":{"line":109,"column":9}},"58":{"start":{"line":108,"column":12},"end":{"line":108,"column":59}},"59":{"start":{"line":112,"column":8},"end":{"line":116,"column":9}},"60":{"start":{"line":113,"column":12},"end":{"line":113,"column":56}},"61":{"start":{"line":114,"column":12},"end":{"line":114,"column":68}},"62":{"start":{"line":115,"column":12},"end":{"line":115,"column":46}},"63":{"start":{"line":119,"column":25},"end":{"line":119,"column":48}},"64":{"start":{"line":120,"column":26},"end":{"line":120,"column":64}},"65":{"start":{"line":121,"column":24},"end":{"line":121,"column":51}},"66":{"start":{"line":123,"column":26},"end":{"line":123,"column":55}},"67":{"start":{"line":125,"column":8},"end":{"line":193,"column":9}},"68":{"start":{"line":126,"column":29},"end":{"line":126,"column":64}},"69":{"start":{"line":127,"column":26},"end":{"line":127,"column":47}},"70":{"start":{"line":128,"column":27},"end":{"line":128,"column":49}},"71":{"start":{"line":130,"column":12},"end":{"line":192,"column":13}},"72":{"start":{"line":133,"column":16},"end":{"line":141,"column":17}},"73":{"start":{"line":134,"column":37},"end":{"line":134,"column":57}},"74":{"start":{"line":135,"column":20},"end":{"line":135,"column":75}},"75":{"start":{"line":137,"column":37},"end":{"line":137,"column":72}},"76":{"start":{"line":138,"column":20},"end":{"line":140,"column":21}},"77":{"start":{"line":139,"column":24},"end":{"line":139,"column":63}},"78":{"start":{"line":143,"column":16},"end":{"line":189,"column":17}},"79":{"start":{"line":144,"column":37},"end":{"line":144,"column":79}},"80":{"start":{"line":145,"column":41},"end":{"line":145,"column":45}},"81":{"start":{"line":147,"column":40},"end":{"line":157,"column":35}},"82":{"start":{"line":159,"column":40},"end":{"line":162,"column":35}},"83":{"start":{"line":164,"column":40},"end":{"line":164,"column":75}},"84":{"start":{"line":165,"column":37},"end":{"line":165,"column":66}},"85":{"start":{"line":166,"column":37},"end":{"line":166,"column":67}},"86":{"start":{"line":168,"column":39},"end":{"line":168,"column":41}},"87":{"start":{"line":169,"column":37},"end":{"line":169,"column":38}},"88":{"start":{"line":170,"column":37},"end":{"line":170,"column":53}},"89":{"start":{"line":171,"column":37},"end":{"line":171,"column":54}},"90":{"start":{"line":173,"column":20},"end":{"line":183,"column":21}},"91":{"start":{"line":173,"column":35},"end":{"line":173,"column":36}},"92":{"start":{"line":174,"column":24},"end":{"line":182,"column":25}},"93":{"start":{"line":174,"column":39},"end":{"line":174,"column":40}},"94":{"start":{"line":175,"column":38},"end":{"line":175,"column":92}},"95":{"start":{"line":176,"column":38},"end":{"line":176,"column":92}},"96":{"start":{"line":177,"column":28},"end":{"line":181,"column":31}},"97":{"start":{"line":185,"column":20},"end":{"line":188,"column":36}},"98":{"start":{"line":191,"column":16},"end":{"line":191,"column":61}},"99":{"start":{"line":196,"column":29},"end":{"line":196,"column":75}},"100":{"start":{"line":197,"column":8},"end":{"line":199,"column":9}},"101":{"start":{"line":198,"column":12},"end":{"line":198,"column":60}},"102":{"start":{"line":200,"column":8},"end":{"line":200,"column":55}},"103":{"start":{"line":202,"column":8},"end":{"line":202,"column":52}},"104":{"start":{"line":203,"column":8},"end":{"line":203,"column":78}},"105":{"start":{"line":204,"column":8},"end":{"line":204,"column":83}},"106":{"start":{"line":205,"column":8},"end":{"line":205,"column":30}},"107":{"start":{"line":208,"column":8},"end":{"line":208,"column":49}},"108":{"start":{"line":209,"column":8},"end":{"line":209,"column":54}},"109":{"start":{"line":214,"column":0},"end":{"line":216,"column":3}},"110":{"start":{"line":215,"column":4},"end":{"line":215,"column":68}},"111":{"start":{"line":223,"column":0},"end":{"line":261,"column":3}},"112":{"start":{"line":224,"column":4},"end":{"line":260,"column":5}},"113":{"start":{"line":225,"column":89},"end":{"line":225,"column":98}},"114":{"start":{"line":227,"column":20},"end":{"line":227,"column":54}},"115":{"start":{"line":228,"column":23},"end":{"line":228,"column":25}},"116":{"start":{"line":229,"column":25},"end":{"line":229,"column":26}},"117":{"start":{"line":231,"column":8},"end":{"line":234,"column":9}},"118":{"start":{"line":232,"column":12},"end":{"line":232,"column":59}},"119":{"start":{"line":233,"column":12},"end":{"line":233,"column":37}},"120":{"start":{"line":236,"column":8},"end":{"line":238,"column":9}},"121":{"start":{"line":237,"column":12},"end":{"line":237,"column":52}},"122":{"start":{"line":240,"column":8},"end":{"line":244,"column":9}},"123":{"start":{"line":241,"column":12},"end":{"line":241,"column":127}},"124":{"start":{"line":242,"column":12},"end":{"line":242,"column":39}},"125":{"start":{"line":243,"column":12},"end":{"line":243,"column":25}},"126":{"start":{"line":246,"column":8},"end":{"line":249,"column":9}},"127":{"start":{"line":247,"column":12},"end":{"line":247,"column":69}},"128":{"start":{"line":248,"column":12},"end":{"line":248,"column":50}},"129":{"start":{"line":251,"column":8},"end":{"line":251,"column":45}},"130":{"start":{"line":252,"column":8},"end":{"line":252,"column":41}},"131":{"start":{"line":253,"column":8},"end":{"line":253,"column":37}},"132":{"start":{"line":255,"column":25},"end":{"line":255,"column":56}},"133":{"start":{"line":256,"column":8},"end":{"line":256,"column":23}},"134":{"start":{"line":258,"column":8},"end":{"line":258,"column":57}},"135":{"start":{"line":259,"column":8},"end":{"line":259,"column":68}},"136":{"start":{"line":264,"column":0},"end":{"line":276,"column":3}},"137":{"start":{"line":265,"column":4},"end":{"line":275,"column":5}},"138":{"start":{"line":266,"column":23},"end":{"line":266,"column":33}},"139":{"start":{"line":267,"column":25},"end":{"line":267,"column":87}},"140":{"start":{"line":268,"column":8},"end":{"line":270,"column":9}},"141":{"start":{"line":269,"column":12},"end":{"line":269,"column":72}},"142":{"start":{"line":271,"column":8},"end":{"line":271,"column":26}},"143":{"start":{"line":273,"column":8},"end":{"line":273,"column":56}},"144":{"start":{"line":274,"column":8},"end":{"line":274,"column":67}},"145":{"start":{"line":279,"column":0},"end":{"line":304,"column":3}},"146":{"start":{"line":280,"column":4},"end":{"line":303,"column":5}},"147":{"start":{"line":281,"column":48},"end":{"line":281,"column":57}},"148":{"start":{"line":283,"column":20},"end":{"line":283,"column":56}},"149":{"start":{"line":284,"column":23},"end":{"line":284,"column":25}},"150":{"start":{"line":285,"column":25},"end":{"line":285,"column":26}},"151":{"start":{"line":287,"column":8},"end":{"line":289,"column":9}},"152":{"start":{"line":288,"column":12},"end":{"line":288,"column":46}},"153":{"start":{"line":291,"column":8},"end":{"line":294,"column":9}},"154":{"start":{"line":292,"column":12},"end":{"line":292,"column":63}},"155":{"start":{"line":293,"column":12},"end":{"line":293,"column":52}},"156":{"start":{"line":296,"column":8},"end":{"line":296,"column":34}},"157":{"start":{"line":298,"column":25},"end":{"line":298,"column":56}},"158":{"start":{"line":299,"column":8},"end":{"line":299,"column":23}},"159":{"start":{"line":301,"column":8},"end":{"line":301,"column":59}},"160":{"start":{"line":302,"column":8},"end":{"line":302,"column":70}},"161":{"start":{"line":307,"column":0},"end":{"line":319,"column":3}},"162":{"start":{"line":308,"column":4},"end":{"line":318,"column":5}},"163":{"start":{"line":309,"column":23},"end":{"line":309,"column":33}},"164":{"start":{"line":310,"column":25},"end":{"line":310,"column":89}},"165":{"start":{"line":311,"column":8},"end":{"line":313,"column":9}},"166":{"start":{"line":312,"column":12},"end":{"line":312,"column":73}},"167":{"start":{"line":314,"column":8},"end":{"line":314,"column":26}},"168":{"start":{"line":316,"column":8},"end":{"line":316,"column":57}},"169":{"start":{"line":317,"column":8},"end":{"line":317,"column":68}},"170":{"start":{"line":322,"column":0},"end":{"line":330,"column":3}},"171":{"start":{"line":323,"column":4},"end":{"line":329,"column":5}},"172":{"start":{"line":324,"column":25},"end":{"line":324,"column":48}},"173":{"start":{"line":325,"column":8},"end":{"line":325,"column":27}},"174":{"start":{"line":327,"column":8},"end":{"line":327,"column":62}},"175":{"start":{"line":328,"column":8},"end":{"line":328,"column":73}},"176":{"start":{"line":333,"column":0},"end":{"line":343,"column":3}},"177":{"start":{"line":334,"column":4},"end":{"line":342,"column":5}},"178":{"start":{"line":335,"column":25},"end":{"line":337,"column":9}},"179":{"start":{"line":338,"column":8},"end":{"line":338,"column":23}},"180":{"start":{"line":340,"column":8},"end":{"line":340,"column":65}},"181":{"start":{"line":341,"column":8},"end":{"line":341,"column":76}},"182":{"start":{"line":346,"column":0},"end":{"line":361,"column":3}},"183":{"start":{"line":347,"column":4},"end":{"line":360,"column":5}},"184":{"start":{"line":348,"column":25},"end":{"line":348,"column":35}},"185":{"start":{"line":349,"column":25},"end":{"line":352,"column":9}},"186":{"start":{"line":353,"column":8},"end":{"line":355,"column":9}},"187":{"start":{"line":354,"column":12},"end":{"line":354,"column":72}},"188":{"start":{"line":356,"column":8},"end":{"line":356,"column":26}},"189":{"start":{"line":358,"column":8},"end":{"line":358,"column":56}},"190":{"start":{"line":359,"column":8},"end":{"line":359,"column":67}},"191":{"start":{"line":364,"column":0},"end":{"line":387,"column":3}},"192":{"start":{"line":365,"column":4},"end":{"line":386,"column":5}},"193":{"start":{"line":366,"column":41},"end":{"line":366,"column":50}},"194":{"start":{"line":367,"column":23},"end":{"line":367,"column":61}},"195":{"start":{"line":369,"column":28},"end":{"line":369,"column":83}},"196":{"start":{"line":370,"column":27},"end":{"line":370,"column":62}},"197":{"start":{"line":372,"column":25},"end":{"line":375,"column":9}},"198":{"start":{"line":377,"column":8},"end":{"line":382,"column":11}},"199":{"start":{"line":384,"column":8},"end":{"line":384,"column":63}},"200":{"start":{"line":385,"column":8},"end":{"line":385,"column":74}},"201":{"start":{"line":390,"column":0},"end":{"line":405,"column":3}},"202":{"start":{"line":391,"column":4},"end":{"line":404,"column":5}},"203":{"start":{"line":392,"column":30},"end":{"line":392,"column":40}},"204":{"start":{"line":393,"column":25},"end":{"line":399,"column":23}},"205":{"start":{"line":400,"column":8},"end":{"line":400,"column":23}},"206":{"start":{"line":402,"column":8},"end":{"line":402,"column":63}},"207":{"start":{"line":403,"column":8},"end":{"line":403,"column":74}},"208":{"start":{"line":408,"column":0},"end":{"line":425,"column":3}},"209":{"start":{"line":409,"column":4},"end":{"line":424,"column":5}},"210":{"start":{"line":410,"column":39},"end":{"line":410,"column":47}},"211":{"start":{"line":411,"column":25},"end":{"line":414,"column":9}},"212":{"start":{"line":416,"column":8},"end":{"line":418,"column":9}},"213":{"start":{"line":417,"column":12},"end":{"line":417,"column":74}},"214":{"start":{"line":420,"column":8},"end":{"line":420,"column":26}},"215":{"start":{"line":422,"column":8},"end":{"line":422,"column":45}},"216":{"start":{"line":423,"column":8},"end":{"line":423,"column":56}},"217":{"start":{"line":428,"column":0},"end":{"line":445,"column":3}},"218":{"start":{"line":429,"column":4},"end":{"line":444,"column":5}},"219":{"start":{"line":430,"column":27},"end":{"line":430,"column":37}},"220":{"start":{"line":431,"column":25},"end":{"line":434,"column":9}},"221":{"start":{"line":436,"column":8},"end":{"line":438,"column":9}},"222":{"start":{"line":437,"column":12},"end":{"line":437,"column":69}},"223":{"start":{"line":440,"column":8},"end":{"line":440,"column":26}},"224":{"start":{"line":442,"column":8},"end":{"line":442,"column":47}},"225":{"start":{"line":443,"column":8},"end":{"line":443,"column":67}},"226":{"start":{"line":448,"column":0},"end":{"line":489,"column":3}},"227":{"start":{"line":449,"column":4},"end":{"line":488,"column":5}},"228":{"start":{"line":450,"column":27},"end":{"line":450,"column":37}},"229":{"start":{"line":451,"column":58},"end":{"line":451,"column":66}},"230":{"start":{"line":453,"column":20},"end":{"line":453,"column":45}},"231":{"start":{"line":454,"column":24},"end":{"line":454,"column":26}},"232":{"start":{"line":455,"column":23},"end":{"line":455,"column":25}},"233":{"start":{"line":456,"column":25},"end":{"line":456,"column":26}},"234":{"start":{"line":458,"column":8},"end":{"line":461,"column":9}},"235":{"start":{"line":459,"column":12},"end":{"line":459,"column":57}},"236":{"start":{"line":460,"column":12},"end":{"line":460,"column":35}},"237":{"start":{"line":462,"column":8},"end":{"line":465,"column":9}},"238":{"start":{"line":463,"column":12},"end":{"line":463,"column":56}},"239":{"start":{"line":464,"column":12},"end":{"line":464,"column":34}},"240":{"start":{"line":466,"column":8},"end":{"line":469,"column":9}},"241":{"start":{"line":467,"column":12},"end":{"line":467,"column":56}},"242":{"start":{"line":468,"column":12},"end":{"line":468,"column":34}},"243":{"start":{"line":470,"column":8},"end":{"line":473,"column":9}},"244":{"start":{"line":471,"column":12},"end":{"line":471,"column":54}},"245":{"start":{"line":472,"column":12},"end":{"line":472,"column":32}},"246":{"start":{"line":475,"column":8},"end":{"line":477,"column":9}},"247":{"start":{"line":476,"column":12},"end":{"line":476,"column":74}},"248":{"start":{"line":479,"column":8},"end":{"line":479,"column":36}},"249":{"start":{"line":480,"column":8},"end":{"line":480,"column":88}},"250":{"start":{"line":481,"column":8},"end":{"line":481,"column":28}},"251":{"start":{"line":483,"column":25},"end":{"line":483,"column":56}},"252":{"start":{"line":484,"column":8},"end":{"line":484,"column":26}},"253":{"start":{"line":486,"column":8},"end":{"line":486,"column":54}},"254":{"start":{"line":487,"column":8},"end":{"line":487,"column":68}},"255":{"start":{"line":492,"column":0},"end":{"line":494,"column":3}},"256":{"start":{"line":493,"column":4},"end":{"line":493,"column":50}},"257":{"start":{"line":496,"column":0},"end":{"line":496,"column":21}}},"fnMap":{"0":{"name":"(anonymous_0)","decl":{"start":{"line":24,"column":17},"end":{"line":24,"column":18}},"loc":{"start":{"line":24,"column":36},"end":{"line":30,"column":5}},"line":24},"1":{"name":"(anonymous_1)","decl":{"start":{"line":31,"column":14},"end":{"line":31,"column":15}},"loc":{"start":{"line":31,"column":33},"end":{"line":34,"column":5}},"line":31},"2":{"name":"(anonymous_2)","decl":{"start":{"line":40,"column":16},"end":{"line":40,"column":17}},"loc":{"start":{"line":40,"column":35},"end":{"line":48,"column":5}},"line":40},"3":{"name":"getSiteSettings","decl":{"start":{"line":52,"column":15},"end":{"line":52,"column":30}},"loc":{"start":{"line":52,"column":33},"end":{"line":64,"column":1}},"line":52},"4":{"name":"(anonymous_4)","decl":{"start":{"line":56,"column":21},"end":{"line":56,"column":22}},"loc":{"start":{"line":56,"column":28},"end":{"line":58,"column":9}},"line":56},"5":{"name":"(anonymous_5)","decl":{"start":{"line":67,"column":48},"end":{"line":67,"column":49}},"loc":{"start":{"line":67,"column":68},"end":{"line":83,"column":1}},"line":67},"6":{"name":"(anonymous_6)","decl":{"start":{"line":86,"column":22},"end":{"line":86,"column":23}},"loc":{"start":{"line":86,"column":42},"end":{"line":211,"column":1}},"line":86},"7":{"name":"(anonymous_7)","decl":{"start":{"line":214,"column":23},"end":{"line":214,"column":24}},"loc":{"start":{"line":214,"column":37},"end":{"line":216,"column":1}},"line":214},"8":{"name":"(anonymous_8)","decl":{"start":{"line":223,"column":25},"end":{"line":223,"column":26}},"loc":{"start":{"line":223,"column":45},"end":{"line":261,"column":1}},"line":223},"9":{"name":"(anonymous_9)","decl":{"start":{"line":264,"column":29},"end":{"line":264,"column":30}},"loc":{"start":{"line":264,"column":49},"end":{"line":276,"column":1}},"line":264},"10":{"name":"(anonymous_10)","decl":{"start":{"line":279,"column":27},"end":{"line":279,"column":28}},"loc":{"start":{"line":279,"column":47},"end":{"line":304,"column":1}},"line":279},"11":{"name":"(anonymous_11)","decl":{"start":{"line":307,"column":31},"end":{"line":307,"column":32}},"loc":{"start":{"line":307,"column":51},"end":{"line":319,"column":1}},"line":307},"12":{"name":"(anonymous_12)","decl":{"start":{"line":322,"column":30},"end":{"line":322,"column":31}},"loc":{"start":{"line":322,"column":50},"end":{"line":330,"column":1}},"line":322},"13":{"name":"(anonymous_13)","decl":{"start":{"line":333,"column":33},"end":{"line":333,"column":34}},"loc":{"start":{"line":333,"column":53},"end":{"line":343,"column":1}},"line":333},"14":{"name":"(anonymous_14)","decl":{"start":{"line":346,"column":39},"end":{"line":346,"column":40}},"loc":{"start":{"line":346,"column":59},"end":{"line":361,"column":1}},"line":346},"15":{"name":"(anonymous_15)","decl":{"start":{"line":364,"column":31},"end":{"line":364,"column":32}},"loc":{"start":{"line":364,"column":51},"end":{"line":387,"column":1}},"line":364},"16":{"name":"(anonymous_16)","decl":{"start":{"line":390,"column":42},"end":{"line":390,"column":43}},"loc":{"start":{"line":390,"column":62},"end":{"line":405,"column":1}},"line":390},"17":{"name":"(anonymous_17)","decl":{"start":{"line":408,"column":29},"end":{"line":408,"column":30}},"loc":{"start":{"line":408,"column":49},"end":{"line":425,"column":1}},"line":408},"18":{"name":"(anonymous_18)","decl":{"start":{"line":428,"column":38},"end":{"line":428,"column":39}},"loc":{"start":{"line":428,"column":58},"end":{"line":445,"column":1}},"line":428},"19":{"name":"(anonymous_19)","decl":{"start":{"line":448,"column":38},"end":{"line":448,"column":39}},"loc":{"start":{"line":448,"column":58},"end":{"line":489,"column":1}},"line":448},"20":{"name":"(anonymous_20)","decl":{"start":{"line":492,"column":17},"end":{"line":492,"column":18}},"loc":{"start":{"line":492,"column":23},"end":{"line":494,"column":1}},"line":492}},"branchMap":{"0":{"loc":{"start":{"line":10,"column":13},"end":{"line":10,"column":37}},"type":"binary-expr","locations":[{"start":{"line":10,"column":13},"end":{"line":10,"column":29}},{"start":{"line":10,"column":33},"end":{"line":10,"column":37}}],"line":10},"1":{"loc":{"start":{"line":14,"column":22},"end":{"line":14,"column":99}},"type":"binary-expr","locations":[{"start":{"line":14,"column":22},"end":{"line":14,"column":46}},{"start":{"line":14,"column":50},"end":{"line":14,"column":99}}],"line":14},"2":{"loc":{"start":{"line":26,"column":8},"end":{"line":28,"column":9}},"type":"if","locations":[{"start":{"line":26,"column":8},"end":{"line":28,"column":9}},{"start":{},"end":{}}],"line":26},"3":{"loc":{"start":{"line":44,"column":8},"end":{"line":46,"column":9}},"type":"if","locations":[{"start":{"line":44,"column":8},"end":{"line":46,"column":9}},{"start":{},"end":{}}],"line":44},"4":{"loc":{"start":{"line":44,"column":12},"end":{"line":44,"column":31}},"type":"binary-expr","locations":[{"start":{"line":44,"column":12},"end":{"line":44,"column":19}},{"start":{"line":44,"column":23},"end":{"line":44,"column":31}}],"line":44},"5":{"loc":{"start":{"line":69,"column":8},"end":{"line":71,"column":9}},"type":"if","locations":[{"start":{"line":69,"column":8},"end":{"line":71,"column":9}},{"start":{},"end":{}}],"line":69},"6":{"loc":{"start":{"line":90,"column":4},"end":{"line":92,"column":5}},"type":"if","locations":[{"start":{"line":90,"column":4},"end":{"line":92,"column":5}},{"start":{},"end":{}}],"line":90},"7":{"loc":{"start":{"line":100,"column":8},"end":{"line":105,"column":9}},"type":"if","locations":[{"start":{"line":100,"column":8},"end":{"line":105,"column":9}},{"start":{},"end":{}}],"line":100},"8":{"loc":{"start":{"line":100,"column":12},"end":{"line":100,"column":60}},"type":"binary-expr","locations":[{"start":{"line":100,"column":12},"end":{"line":100,"column":26}},{"start":{"line":100,"column":30},"end":{"line":100,"column":60}}],"line":100},"9":{"loc":{"start":{"line":107,"column":8},"end":{"line":109,"column":9}},"type":"if","locations":[{"start":{"line":107,"column":8},"end":{"line":109,"column":9}},{"start":{},"end":{}}],"line":107},"10":{"loc":{"start":{"line":112,"column":8},"end":{"line":116,"column":9}},"type":"if","locations":[{"start":{"line":112,"column":8},"end":{"line":116,"column":9}},{"start":{},"end":{}}],"line":112},"11":{"loc":{"start":{"line":121,"column":24},"end":{"line":121,"column":51}},"type":"binary-expr","locations":[{"start":{"line":121,"column":24},"end":{"line":121,"column":45}},{"start":{"line":121,"column":49},"end":{"line":121,"column":51}}],"line":121},"12":{"loc":{"start":{"line":125,"column":8},"end":{"line":193,"column":9}},"type":"if","locations":[{"start":{"line":125,"column":8},"end":{"line":193,"column":9}},{"start":{},"end":{}}],"line":125},"13":{"loc":{"start":{"line":125,"column":12},"end":{"line":125,"column":32}},"type":"binary-expr","locations":[{"start":{"line":125,"column":12},"end":{"line":125,"column":21}},{"start":{"line":125,"column":25},"end":{"line":125,"column":32}}],"line":125},"14":{"loc":{"start":{"line":127,"column":26},"end":{"line":127,"column":47}},"type":"binary-expr","locations":[{"start":{"line":127,"column":26},"end":{"line":127,"column":40}},{"start":{"line":127,"column":44},"end":{"line":127,"column":47}}],"line":127},"15":{"loc":{"start":{"line":128,"column":27},"end":{"line":128,"column":49}},"type":"binary-expr","locations":[{"start":{"line":128,"column":27},"end":{"line":128,"column":42}},{"start":{"line":128,"column":46},"end":{"line":128,"column":49}}],"line":128},"16":{"loc":{"start":{"line":133,"column":16},"end":{"line":141,"column":17}},"type":"if","locations":[{"start":{"line":133,"column":16},"end":{"line":141,"column":17}},{"start":{"line":136,"column":23},"end":{"line":141,"column":17}}],"line":133},"17":{"loc":{"start":{"line":138,"column":20},"end":{"line":140,"column":21}},"type":"if","locations":[{"start":{"line":138,"column":20},"end":{"line":140,"column":21}},{"start":{},"end":{}}],"line":138},"18":{"loc":{"start":{"line":143,"column":16},"end":{"line":189,"column":17}},"type":"if","locations":[{"start":{"line":143,"column":16},"end":{"line":189,"column":17}},{"start":{},"end":{}}],"line":143},"19":{"loc":{"start":{"line":165,"column":37},"end":{"line":165,"column":66}},"type":"binary-expr","locations":[{"start":{"line":165,"column":37},"end":{"line":165,"column":54}},{"start":{"line":165,"column":58},"end":{"line":165,"column":66}}],"line":165},"20":{"loc":{"start":{"line":166,"column":37},"end":{"line":166,"column":67}},"type":"binary-expr","locations":[{"start":{"line":166,"column":37},"end":{"line":166,"column":55}},{"start":{"line":166,"column":59},"end":{"line":166,"column":67}}],"line":166},"21":{"loc":{"start":{"line":197,"column":8},"end":{"line":199,"column":9}},"type":"if","locations":[{"start":{"line":197,"column":8},"end":{"line":199,"column":9}},{"start":{},"end":{}}],"line":197},"22":{"loc":{"start":{"line":225,"column":16},"end":{"line":225,"column":26}},"type":"default-arg","locations":[{"start":{"line":225,"column":24},"end":{"line":225,"column":26}}],"line":225},"23":{"loc":{"start":{"line":231,"column":8},"end":{"line":234,"column":9}},"type":"if","locations":[{"start":{"line":231,"column":8},"end":{"line":234,"column":9}},{"start":{},"end":{}}],"line":231},"24":{"loc":{"start":{"line":236,"column":8},"end":{"line":238,"column":9}},"type":"if","locations":[{"start":{"line":236,"column":8},"end":{"line":238,"column":9}},{"start":{},"end":{}}],"line":236},"25":{"loc":{"start":{"line":240,"column":8},"end":{"line":244,"column":9}},"type":"if","locations":[{"start":{"line":240,"column":8},"end":{"line":244,"column":9}},{"start":{},"end":{}}],"line":240},"26":{"loc":{"start":{"line":246,"column":8},"end":{"line":249,"column":9}},"type":"if","locations":[{"start":{"line":246,"column":8},"end":{"line":249,"column":9}},{"start":{},"end":{}}],"line":246},"27":{"loc":{"start":{"line":268,"column":8},"end":{"line":270,"column":9}},"type":"if","locations":[{"start":{"line":268,"column":8},"end":{"line":270,"column":9}},{"start":{},"end":{}}],"line":268},"28":{"loc":{"start":{"line":287,"column":8},"end":{"line":289,"column":9}},"type":"if","locations":[{"start":{"line":287,"column":8},"end":{"line":289,"column":9}},{"start":{},"end":{}}],"line":287},"29":{"loc":{"start":{"line":291,"column":8},"end":{"line":294,"column":9}},"type":"if","locations":[{"start":{"line":291,"column":8},"end":{"line":294,"column":9}},{"start":{},"end":{}}],"line":291},"30":{"loc":{"start":{"line":311,"column":8},"end":{"line":313,"column":9}},"type":"if","locations":[{"start":{"line":311,"column":8},"end":{"line":313,"column":9}},{"start":{},"end":{}}],"line":311},"31":{"loc":{"start":{"line":353,"column":8},"end":{"line":355,"column":9}},"type":"if","locations":[{"start":{"line":353,"column":8},"end":{"line":355,"column":9}},{"start":{},"end":{}}],"line":353},"32":{"loc":{"start":{"line":366,"column":16},"end":{"line":366,"column":24}},"type":"default-arg","locations":[{"start":{"line":366,"column":23},"end":{"line":366,"column":24}}],"line":366},"33":{"loc":{"start":{"line":366,"column":26},"end":{"line":366,"column":36}},"type":"default-arg","locations":[{"start":{"line":366,"column":34},"end":{"line":366,"column":36}}],"line":366},"34":{"loc":{"start":{"line":416,"column":8},"end":{"line":418,"column":9}},"type":"if","locations":[{"start":{"line":416,"column":8},"end":{"line":418,"column":9}},{"start":{},"end":{}}],"line":416},"35":{"loc":{"start":{"line":436,"column":8},"end":{"line":438,"column":9}},"type":"if","locations":[{"start":{"line":436,"column":8},"end":{"line":438,"column":9}},{"start":{},"end":{}}],"line":436},"36":{"loc":{"start":{"line":458,"column":8},"end":{"line":461,"column":9}},"type":"if","locations":[{"start":{"line":458,"column":8},"end":{"line":461,"column":9}},{"start":{},"end":{}}],"line":458},"37":{"loc":{"start":{"line":462,"column":8},"end":{"line":465,"column":9}},"type":"if","locations":[{"start":{"line":462,"column":8},"end":{"line":465,"column":9}},{"start":{},"end":{}}],"line":462},"38":{"loc":{"start":{"line":466,"column":8},"end":{"line":469,"column":9}},"type":"if","locations":[{"start":{"line":466,"column":8},"end":{"line":469,"column":9}},{"start":{},"end":{}}],"line":466},"39":{"loc":{"start":{"line":470,"column":8},"end":{"line":473,"column":9}},"type":"if","locations":[{"start":{"line":470,"column":8},"end":{"line":473,"column":9}},{"start":{},"end":{}}],"line":470},"40":{"loc":{"start":{"line":475,"column":8},"end":{"line":477,"column":9}},"type":"if","locations":[{"start":{"line":475,"column":8},"end":{"line":477,"column":9}},{"start":{},"end":{}}],"line":475}},"s":{"0":1,"1":1,"2":1,"3":1,"4":1,"5":1,"6":1,"7":1,"8":1,"9":1,"10":1,"11":1,"12":1,"13":1,"14":0,"15":0,"16":0,"17":0,"18":0,"19":0,"20":1,"21":0,"22":0,"23":0,"24":0,"25":0,"26":0,"27":1,"28":1,"29":1,"30":1,"31":2,"32":1,"33":0,"34":0,"35":1,"36":0,"37":0,"38":0,"39":0,"40":0,"41":0,"42":0,"43":1,"44":0,"45":0,"46":0,"47":0,"48":0,"49":0,"50":0,"51":0,"52":0,"53":0,"54":0,"55":0,"56":0,"57":0,"58":0,"59":0,"60":0,"61":0,"62":0,"63":0,"64":0,"65":0,"66":0,"67":0,"68":0,"69":0,"70":0,"71":0,"72":0,"73":0,"74":0,"75":0,"76":0,"77":0,"78":0,"79":0,"80":0,"81":0,"82":0,"83":0,"84":0,"85":0,"86":0,"87":0,"88":0,"89":0,"90":0,"91":0,"92":0,"93":0,"94":0,"95":0,"96":0,"97":0,"98":0,"99":0,"100":0,"101":0,"102":0,"103":0,"104":0,"105":0,"106":0,"107":0,"108":0,"109":1,"110":1,"111":1,"112":4,"113":4,"114":4,"115":4,"116":4,"117":4,"118":0,"119":0,"120":4,"121":1,"122":4,"123":1,"124":1,"125":1,"126":4,"127":0,"128":0,"129":4,"130":4,"131":4,"132":4,"133":3,"134":1,"135":1,"136":1,"137":2,"138":2,"139":2,"140":2,"141":1,"142":1,"143":0,"144":0,"145":1,"146":2,"147":2,"148":2,"149":2,"150":2,"151":2,"152":1,"153":2,"154":0,"155":0,"156":2,"157":2,"158":2,"159":0,"160":0,"161":1,"162":0,"163":0,"164":0,"165":0,"166":0,"167":0,"168":0,"169":0,"170":1,"171":1,"172":1,"173":1,"174":0,"175":0,"176":1,"177":1,"178":1,"179":1,"180":0,"181":0,"182":1,"183":2,"184":2,"185":2,"186":2,"187":1,"188":1,"189":0,"190":0,"191":1,"192":1,"193":1,"194":1,"195":1,"196":1,"197":1,"198":1,"199":0,"200":0,"201":1,"202":0,"203":0,"204":0,"205":0,"206":0,"207":0,"208":1,"209":2,"210":2,"211":2,"212":2,"213":1,"214":1,"215":0,"216":0,"217":1,"218":1,"219":1,"220":1,"221":1,"222":0,"223":1,"224":0,"225":0,"226":1,"227":2,"228":2,"229":2,"230":2,"231":2,"232":2,"233":2,"234":2,"235":1,"236":1,"237":2,"238":1,"239":1,"240":2,"241":0,"242":0,"243":2,"244":0,"245":0,"246":2,"247":1,"248":1,"249":1,"250":1,"251":1,"252":1,"253":0,"254":0,"255":1,"256":1,"257":1},"f":{"0":0,"1":0,"2":0,"3":1,"4":2,"5":0,"6":0,"7":1,"8":4,"9":2,"10":2,"11":0,"12":1,"13":1,"14":2,"15":1,"16":0,"17":2,"18":1,"19":2,"20":1},"b":{"0":[1,1],"1":[1,1],"2":[0,0],"3":[0,0],"4":[0,0],"5":[0,0],"6":[0,0],"7":[0,0],"8":[0,0],"9":[0,0],"10":[0,0],"11":[0,0],"12":[0,0],"13":[0,0],"14":[0,0],"15":[0,0],"16":[0,0],"17":[0,0],"18":[0,0],"19":[0,0],"20":[0,0],"21":[0,0],"22":[4],"23":[0,4],"24":[1,3],"25":[1,3],"26":[0,4],"27":[1,1],"28":[1,1],"29":[0,2],"30":[0,0],"31":[1,1],"32":[0],"33":[0],"34":[1,1],"35":[0,1],"36":[1,1],"37":[1,1],"38":[0,2],"39":[0,2],"40":[1,1]},"_coverageSchema":"1a1c01bbd47fc00a2c39e90264f33305004495a9","hash":"fe19e751a4bc5245e7880b6753b49198f0f1e0d5"}
}
