TN:
SF:index.js
FN:24,(anonymous_0)
FN:31,(anonymous_1)
FN:40,(anonymous_2)
FN:52,getSiteSettings
FN:56,(anonymous_4)
FN:67,(anonymous_5)
FN:86,(anonymous_6)
FN:214,(anonymous_7)
FN:223,(anonymous_8)
FN:264,(anonymous_9)
FN:279,(anonymous_10)
FN:307,(anonymous_11)
FN:322,(anonymous_12)
FN:333,(anonymous_13)
FN:346,(anonymous_14)
FN:364,(anonymous_15)
FN:390,(anonymous_16)
FN:408,(anonymous_17)
FN:428,(anonymous_18)
FN:448,(anonymous_19)
FN:492,(anonymous_20)
FNF:21
FNH:14
FNDA:0,(anonymous_0)
FNDA:0,(anonymous_1)
FNDA:0,(anonymous_2)
FNDA:1,getSiteSettings
FNDA:2,(anonymous_4)
FNDA:0,(anonymous_5)
FNDA:0,(anonymous_6)
FNDA:1,(anonymous_7)
FNDA:4,(anonymous_8)
FNDA:2,(anonymous_9)
FNDA:2,(anonymous_10)
FNDA:0,(anonymous_11)
FNDA:1,(anonymous_12)
FNDA:1,(anonymous_13)
FNDA:2,(anonymous_14)
FNDA:1,(anonymous_15)
FNDA:0,(anonymous_16)
FNDA:2,(anonymous_17)
FNDA:1,(anonymous_18)
FNDA:2,(anonymous_19)
FNDA:1,(anonymous_20)
DA:1,1
DA:2,1
DA:3,1
DA:4,1
DA:5,1
DA:6,1
DA:7,1
DA:9,1
DA:10,1
DA:13,1
DA:18,1
DA:19,1
DA:20,1
DA:23,1
DA:25,0
DA:26,0
DA:27,0
DA:29,0
DA:32,0
DA:33,0
DA:37,1
DA:41,0
DA:42,0
DA:43,0
DA:44,0
DA:45,0
DA:47,0
DA:53,1
DA:54,1
DA:55,1
DA:56,1
DA:57,2
DA:59,1
DA:61,0
DA:62,0
DA:67,1
DA:68,0
DA:69,0
DA:70,0
DA:73,0
DA:74,0
DA:80,0
DA:81,0
DA:86,1
DA:87,0
DA:88,0
DA:90,0
DA:91,0
DA:94,0
DA:96,0
DA:97,0
DA:98,0
DA:100,0
DA:101,0
DA:102,0
DA:103,0
DA:104,0
DA:107,0
DA:108,0
DA:112,0
DA:113,0
DA:114,0
DA:115,0
DA:119,0
DA:120,0
DA:121,0
DA:123,0
DA:125,0
DA:126,0
DA:127,0
DA:128,0
DA:130,0
DA:133,0
DA:134,0
DA:135,0
DA:137,0
DA:138,0
DA:139,0
DA:143,0
DA:144,0
DA:145,0
DA:147,0
DA:159,0
DA:164,0
DA:165,0
DA:166,0
DA:168,0
DA:169,0
DA:170,0
DA:171,0
DA:173,0
DA:174,0
DA:175,0
DA:176,0
DA:177,0
DA:185,0
DA:191,0
DA:196,0
DA:197,0
DA:198,0
DA:200,0
DA:202,0
DA:203,0
DA:204,0
DA:205,0
DA:208,0
DA:209,0
DA:214,1
DA:215,1
DA:223,1
DA:224,4
DA:225,4
DA:227,4
DA:228,4
DA:229,4
DA:231,4
DA:232,0
DA:233,0
DA:236,4
DA:237,1
DA:240,4
DA:241,1
DA:242,1
DA:243,1
DA:246,4
DA:247,0
DA:248,0
DA:251,4
DA:252,4
DA:253,4
DA:255,4
DA:256,3
DA:258,1
DA:259,1
DA:264,1
DA:265,2
DA:266,2
DA:267,2
DA:268,2
DA:269,1
DA:271,1
DA:273,0
DA:274,0
DA:279,1
DA:280,2
DA:281,2
DA:283,2
DA:284,2
DA:285,2
DA:287,2
DA:288,1
DA:291,2
DA:292,0
DA:293,0
DA:296,2
DA:298,2
DA:299,2
DA:301,0
DA:302,0
DA:307,1
DA:308,0
DA:309,0
DA:310,0
DA:311,0
DA:312,0
DA:314,0
DA:316,0
DA:317,0
DA:322,1
DA:323,1
DA:324,1
DA:325,1
DA:327,0
DA:328,0
DA:333,1
DA:334,1
DA:335,1
DA:338,1
DA:340,0
DA:341,0
DA:346,1
DA:347,2
DA:348,2
DA:349,2
DA:353,2
DA:354,1
DA:356,1
DA:358,0
DA:359,0
DA:364,1
DA:365,1
DA:366,1
DA:367,1
DA:369,1
DA:370,1
DA:372,1
DA:377,1
DA:384,0
DA:385,0
DA:390,1
DA:391,0
DA:392,0
DA:393,0
DA:400,0
DA:402,0
DA:403,0
DA:408,1
DA:409,2
DA:410,2
DA:411,2
DA:416,2
DA:417,1
DA:420,1
DA:422,0
DA:423,0
DA:428,1
DA:429,1
DA:430,1
DA:431,1
DA:436,1
DA:437,0
DA:440,1
DA:442,0
DA:443,0
DA:448,1
DA:449,2
DA:450,2
DA:451,2
DA:453,2
DA:454,2
DA:455,2
DA:456,2
DA:458,2
DA:459,1
DA:460,1
DA:462,2
DA:463,1
DA:464,1
DA:466,2
DA:467,0
DA:468,0
DA:470,2
DA:471,0
DA:472,0
DA:475,2
DA:476,1
DA:479,1
DA:480,1
DA:481,1
DA:483,1
DA:484,1
DA:486,0
DA:487,0
DA:492,1
DA:493,1
DA:496,1
LF:256
LH:129
BRDA:10,0,0,1
BRDA:10,0,1,1
BRDA:14,1,0,1
BRDA:14,1,1,1
BRDA:26,2,0,0
BRDA:26,2,1,0
BRDA:44,3,0,0
BRDA:44,3,1,0
BRDA:44,4,0,0
BRDA:44,4,1,0
BRDA:69,5,0,0
BRDA:69,5,1,0
BRDA:90,6,0,0
BRDA:90,6,1,0
BRDA:100,7,0,0
BRDA:100,7,1,0
BRDA:100,8,0,0
BRDA:100,8,1,0
BRDA:107,9,0,0
BRDA:107,9,1,0
BRDA:112,10,0,0
BRDA:112,10,1,0
BRDA:121,11,0,0
BRDA:121,11,1,0
BRDA:125,12,0,0
BRDA:125,12,1,0
BRDA:125,13,0,0
BRDA:125,13,1,0
BRDA:127,14,0,0
BRDA:127,14,1,0
BRDA:128,15,0,0
BRDA:128,15,1,0
BRDA:133,16,0,0
BRDA:133,16,1,0
BRDA:138,17,0,0
BRDA:138,17,1,0
BRDA:143,18,0,0
BRDA:143,18,1,0
BRDA:165,19,0,0
BRDA:165,19,1,0
BRDA:166,20,0,0
BRDA:166,20,1,0
BRDA:197,21,0,0
BRDA:197,21,1,0
BRDA:225,22,0,4
BRDA:231,23,0,0
BRDA:231,23,1,4
BRDA:236,24,0,1
BRDA:236,24,1,3
BRDA:240,25,0,1
BRDA:240,25,1,3
BRDA:246,26,0,0
BRDA:246,26,1,4
BRDA:268,27,0,1
BRDA:268,27,1,1
BRDA:287,28,0,1
BRDA:287,28,1,1
BRDA:291,29,0,0
BRDA:291,29,1,2
BRDA:311,30,0,0
BRDA:311,30,1,0
BRDA:353,31,0,1
BRDA:353,31,1,1
BRDA:366,32,0,0
BRDA:366,33,0,0
BRDA:416,34,0,1
BRDA:416,34,1,1
BRDA:436,35,0,0
BRDA:436,35,1,1
BRDA:458,36,0,1
BRDA:458,36,1,1
BRDA:462,37,0,1
BRDA:462,37,1,1
BRDA:466,38,0,0
BRDA:466,38,1,2
BRDA:470,39,0,0
BRDA:470,39,1,2
BRDA:475,40,0,1
BRDA:475,40,1,1
BRF:79
BRH:29
end_of_record
